# JRE version: OpenJDK Runtime Environment (8.0_242-b01) (build 1.8.0_242-release-1644-b01)
# Java VM: OpenJDK 64-Bit Server VM (25.242-b01 mixed mode windows-amd64 compressed oops)
Heap:
 PSYoungGen      total 214016K, used 48186K [0x00000000d5580000, 0x00000000e3e00000, 0x0000000100000000)
  eden space 196096K, 15% used [0x00000000d5580000,0x00000000d73130e0,0x00000000e1500000)
  from space 17920K, 99% used [0x00000000e2800000,0x00000000e397b8a8,0x00000000e3980000)
  to   space 19456K, 0% used [0x00000000e1500000,0x00000000e1500000,0x00000000e2800000)
 ParOldGen       total 124416K, used 48746K [0x0000000080000000, 0x0000000087980000, 0x00000000d5580000)
  object space 124416K, 39% used [0x0000000080000000,0x0000000082f9aad8,0x0000000087980000)
 Metaspace       used 74000K, capacity 77522K, committed 77720K, reserved 1116160K
  class space    used 10143K, capacity 10814K, committed 10928K, reserved 1048576K
GC Heap History (10 events):
Event: 8.366 GC heap before
{Heap before GC invocations=13 (full 2):
 PSYoungGen      total 168448K, used 163793K [0x00000000d5580000, 0x00000000e0c00000, 0x0000000100000000)
  eden space 155648K, 100% used [0x00000000d5580000,0x00000000ded80000,0x00000000ded80000)
  from space 12800K, 63% used [0x00000000dfa00000,0x00000000e01f4478,0x00000000e0680000)
  to   space 12800K, 0% used [0x00000000ded80000,0x00000000ded80000,0x00000000dfa00000)
 ParOldGen       total 83456K, used 17939K [0x0000000080000000, 0x0000000085180000, 0x00000000d5580000)
  object space 83456K, 21% used [0x0000000080000000,0x0000000081184cc0,0x0000000085180000)
 Metaspace       used 52435K, capacity 54498K, committed 54568K, reserved 1095680K
  class space    used 6968K, capacity 7419K, committed 7472K, reserved 1048576K
Event: 8.391 GC heap after
Heap after GC invocations=13 (full 2):
 PSYoungGen      total 168448K, used 12796K [0x00000000d5580000, 0x00000000e3980000, 0x0000000100000000)
  eden space 155648K, 0% used [0x00000000d5580000,0x00000000d5580000,0x00000000ded80000)
  from space 12800K, 99% used [0x00000000ded80000,0x00000000df9ff300,0x00000000dfa00000)
  to   space 17920K, 0% used [0x00000000e2800000,0x00000000e2800000,0x00000000e3980000)
 ParOldGen       total 83456K, used 28345K [0x0000000080000000, 0x0000000085180000, 0x00000000d5580000)
  object space 83456K, 33% used [0x0000000080000000,0x0000000081bae4a8,0x0000000085180000)
 Metaspace       used 52435K, capacity 54498K, committed 54568K, reserved 1095680K
  class space    used 6968K, capacity 7419K, committed 7472K, reserved 1048576K
}
Event: 9.128 GC heap before
{Heap before GC invocations=14 (full 2):
 PSYoungGen      total 168448K, used 56919K [0x00000000d5580000, 0x00000000e3980000, 0x0000000100000000)
  eden space 155648K, 28% used [0x00000000d5580000,0x00000000d8096950,0x00000000ded80000)
  from space 12800K, 99% used [0x00000000ded80000,0x00000000df9ff300,0x00000000dfa00000)
  to   space 17920K, 0% used [0x00000000e2800000,0x00000000e2800000,0x00000000e3980000)
 ParOldGen       total 83456K, used 28345K [0x0000000080000000, 0x0000000085180000, 0x00000000d5580000)
  object space 83456K, 33% used [0x0000000080000000,0x0000000081bae4a8,0x0000000085180000)
 Metaspace       used 56828K, capacity 59032K, committed 59160K, reserved 1099776K
  class space    used 7685K, capacity 8151K, committed 8240K, reserved 1048576K
Event: 9.145 GC heap after
Heap after GC invocations=14 (full 2):
 PSYoungGen      total 214016K, used 14506K [0x00000000d5580000, 0x00000000e3e00000, 0x0000000100000000)
  eden space 196096K, 0% used [0x00000000d5580000,0x00000000d5580000,0x00000000e1500000)
  from space 17920K, 80% used [0x00000000e2800000,0x00000000e362a8f0,0x00000000e3980000)
  to   space 19456K, 0% used [0x00000000e1500000,0x00000000e1500000,0x00000000e2800000)
 ParOldGen       total 83456K, used 32319K [0x0000000080000000, 0x0000000085180000, 0x00000000d5580000)
  object space 83456K, 38% used [0x0000000080000000,0x0000000081f8fdc8,0x0000000085180000)
 Metaspace       used 56828K, capacity 59032K, committed 59160K, reserved 1099776K
  class space    used 7685K, capacity 8151K, committed 8240K, reserved 1048576K
}
Event: 9.145 GC heap before
{Heap before GC invocations=15 (full 3):
 PSYoungGen      total 214016K, used 14506K [0x00000000d5580000, 0x00000000e3e00000, 0x0000000100000000)
  eden space 196096K, 0% used [0x00000000d5580000,0x00000000d5580000,0x00000000e1500000)
  from space 17920K, 80% used [0x00000000e2800000,0x00000000e362a8f0,0x00000000e3980000)
  to   space 19456K, 0% used [0x00000000e1500000,0x00000000e1500000,0x00000000e2800000)
 ParOldGen       total 83456K, used 32319K [0x0000000080000000, 0x0000000085180000, 0x00000000d5580000)
  object space 83456K, 38% used [0x0000000080000000,0x0000000081f8fdc8,0x0000000085180000)
 Metaspace       used 56828K, capacity 59032K, committed 59160K, reserved 1099776K
  class space    used 7685K, capacity 8151K, committed 8240K, reserved 1048576K
Event: 9.312 GC heap after
Heap after GC invocations=15 (full 3):
 PSYoungGen      total 214016K, used 0K [0x00000000d5580000, 0x00000000e3e00000, 0x0000000100000000)
  eden space 196096K, 0% used [0x00000000d5580000,0x00000000d5580000,0x00000000e1500000)
  from space 17920K, 0% used [0x00000000e2800000,0x00000000e2800000,0x00000000e3980000)
  to   space 19456K, 0% used [0x00000000e1500000,0x00000000e1500000,0x00000000e2800000)
 ParOldGen       total 124416K, used 32395K [0x0000000080000000, 0x0000000087980000, 0x00000000d5580000)
  object space 124416K, 26% used [0x0000000080000000,0x0000000081fa2e28,0x0000000087980000)
 Metaspace       used 56809K, capacity 58966K, committed 59160K, reserved 1099776K
  class space    used 7679K, capacity 8140K, committed 8240K, reserved 1048576K
}
Event: 11.979 GC heap before
{Heap before GC invocations=16 (full 3):
 PSYoungGen      total 214016K, used 196096K [0x00000000d5580000, 0x00000000e3e00000, 0x0000000100000000)
  eden space 196096K, 100% used [0x00000000d5580000,0x00000000e1500000,0x00000000e1500000)
  from space 17920K, 0% used [0x00000000e2800000,0x00000000e2800000,0x00000000e3980000)
  to   space 19456K, 0% used [0x00000000e1500000,0x00000000e1500000,0x00000000e2800000)
 ParOldGen       total 124416K, used 32395K [0x0000000080000000, 0x0000000087980000, 0x00000000d5580000)
  object space 124416K, 26% used [0x0000000080000000,0x0000000081fa2e28,0x0000000087980000)
 Metaspace       used 66627K, capacity 69474K, committed 69656K, reserved 1110016K
  class space    used 9136K, capacity 9682K, committed 9776K, reserved 1048576K
Event: 12.003 GC heap after
Heap after GC invocations=16 (full 3):
 PSYoungGen      total 215552K, used 19442K [0x00000000d5580000, 0x00000000e3e00000, 0x0000000100000000)
  eden space 196096K, 0% used [0x00000000d5580000,0x00000000d5580000,0x00000000e1500000)
  from space 19456K, 99% used [0x00000000e1500000,0x00000000e27fca90,0x00000000e2800000)
  to   space 17920K, 0% used [0x00000000e2800000,0x00000000e2800000,0x00000000e3980000)
 ParOldGen       total 124416K, used 37672K [0x0000000080000000, 0x0000000087980000, 0x00000000d5580000)
  object space 124416K, 30% used [0x0000000080000000,0x00000000824ca2e0,0x0000000087980000)
 Metaspace       used 66627K, capacity 69474K, committed 69656K, reserved 1110016K
  class space    used 9136K, capacity 9682K, committed 9776K, reserved 1048576K
}
Event: 13.456 GC heap before
{Heap before GC invocations=17 (full 3):
 PSYoungGen      total 215552K, used 215537K [0x00000000d5580000, 0x00000000e3e00000, 0x0000000100000000)
  eden space 196096K, 99% used [0x00000000d5580000,0x00000000e14ff9c8,0x00000000e1500000)
  from space 19456K, 99% used [0x00000000e1500000,0x00000000e27fca90,0x00000000e2800000)
  to   space 17920K, 0% used [0x00000000e2800000,0x00000000e2800000,0x00000000e3980000)
 ParOldGen       total 124416K, used 37672K [0x0000000080000000, 0x0000000087980000, 0x00000000d5580000)
  object space 124416K, 30% used [0x0000000080000000,0x00000000824ca2e0,0x0000000087980000)
 Metaspace       used 71950K, capacity 75092K, committed 75288K, reserved 1114112K
  class space    used 9833K, capacity 10443K, committed 10544K, reserved 1048576K
Event: 13.490 GC heap after
Heap after GC invocations=17 (full 3):
 PSYoungGen      total 214016K, used 17902K [0x00000000d5580000, 0x00000000e3e00000, 0x0000000100000000)
  eden space 196096K, 0% used [0x00000000d5580000,0x00000000d5580000,0x00000000e1500000)
  from space 17920K, 99% used [0x00000000e2800000,0x00000000e397b8a8,0x00000000e3980000)
  to   space 19456K, 0% used [0x00000000e1500000,0x00000000e1500000,0x00000000e2800000)
 ParOldGen       total 124416K, used 48746K [0x0000000080000000, 0x0000000087980000, 0x00000000d5580000)
  object space 124416K, 39% used [0x0000000080000000,0x0000000082f9aad8,0x0000000087980000)
 Metaspace       used 71950K, capacity 75092K, committed 75288K, reserved 1114112K
  class space    used 9833K, capacity 10443K, committed 10544K, reserved 1048576K
}

