# JRE version: OpenJDK Runtime Environment (8.0_242-b01) (build 1.8.0_242-release-1644-b01)
# Java VM: OpenJDK 64-Bit Server VM (25.242-b01 mixed mode windows-amd64 compressed oops)
Heap:
 PSYoungGen      total 266752K, used 223450K [0x00000000d5580000, 0x00000000e6e00000, 0x0000000100000000)
  eden space 246272K, 86% used [0x00000000d5580000,0x00000000e24727a0,0x00000000e4600000)
  from space 20480K, 56% used [0x00000000e4600000,0x00000000e51443b8,0x00000000e5a00000)
  to   space 13824K, 0% used [0x00000000e6080000,0x00000000e6080000,0x00000000e6e00000)
 ParOldGen       total 123392K, used 44394K [0x0000000080000000, 0x0000000087880000, 0x00000000d5580000)
  object space 123392K, 35% used [0x0000000080000000,0x0000000082b5abf8,0x0000000087880000)
 Metaspace       used 82737K, capacity 86590K, committed 86808K, reserved 1124352K
  class space    used 11043K, capacity 11768K, committed 11824K, reserved 1048576K
GC Heap History (10 events):
Event: 10.896 GC heap before
{Heap before GC invocations=14 (full 2):
 PSYoungGen      total 170496K, used 49763K [0x00000000d5580000, 0x00000000e3e80000, 0x0000000100000000)
  eden space 157696K, 23% used [0x00000000d5580000,0x00000000d7999978,0x00000000def80000)
  from space 12800K, 99% used [0x00000000def80000,0x00000000dfbff320,0x00000000dfc00000)
  to   space 18432K, 0% used [0x00000000e2c80000,0x00000000e2c80000,0x00000000e3e80000)
 ParOldGen       total 81408K, used 28948K [0x0000000080000000, 0x0000000084f80000, 0x00000000d5580000)
  object space 81408K, 35% used [0x0000000080000000,0x0000000081c45230,0x0000000084f80000)
 Metaspace       used 56808K, capacity 59066K, committed 59160K, reserved 1099776K
  class space    used 7685K, capacity 8148K, committed 8240K, reserved 1048576K
Event: 10.910 GC heap after
Heap after GC invocations=14 (full 2):
 PSYoungGen      total 220160K, used 4644K [0x00000000d5580000, 0x00000000e4100000, 0x0000000100000000)
  eden space 201728K, 0% used [0x00000000d5580000,0x00000000d5580000,0x00000000e1a80000)
  from space 18432K, 25% used [0x00000000e2c80000,0x00000000e31090a0,0x00000000e3e80000)
  to   space 18432K, 0% used [0x00000000e1a80000,0x00000000e1a80000,0x00000000e2c80000)
 ParOldGen       total 81408K, used 41675K [0x0000000080000000, 0x0000000084f80000, 0x00000000d5580000)
  object space 81408K, 51% used [0x0000000080000000,0x00000000828b2d50,0x0000000084f80000)
 Metaspace       used 56808K, capacity 59066K, committed 59160K, reserved 1099776K
  class space    used 7685K, capacity 8148K, committed 8240K, reserved 1048576K
}
Event: 10.910 GC heap before
{Heap before GC invocations=15 (full 3):
 PSYoungGen      total 220160K, used 4644K [0x00000000d5580000, 0x00000000e4100000, 0x0000000100000000)
  eden space 201728K, 0% used [0x00000000d5580000,0x00000000d5580000,0x00000000e1a80000)
  from space 18432K, 25% used [0x00000000e2c80000,0x00000000e31090a0,0x00000000e3e80000)
  to   space 18432K, 0% used [0x00000000e1a80000,0x00000000e1a80000,0x00000000e2c80000)
 ParOldGen       total 81408K, used 41675K [0x0000000080000000, 0x0000000084f80000, 0x00000000d5580000)
  object space 81408K, 51% used [0x0000000080000000,0x00000000828b2d50,0x0000000084f80000)
 Metaspace       used 56808K, capacity 59066K, committed 59160K, reserved 1099776K
  class space    used 7685K, capacity 8148K, committed 8240K, reserved 1048576K
Event: 11.066 GC heap after
Heap after GC invocations=15 (full 3):
 PSYoungGen      total 220160K, used 0K [0x00000000d5580000, 0x00000000e4100000, 0x0000000100000000)
  eden space 201728K, 0% used [0x00000000d5580000,0x00000000d5580000,0x00000000e1a80000)
  from space 18432K, 0% used [0x00000000e2c80000,0x00000000e2c80000,0x00000000e3e80000)
  to   space 18432K, 0% used [0x00000000e1a80000,0x00000000e1a80000,0x00000000e2c80000)
 ParOldGen       total 123392K, used 31529K [0x0000000080000000, 0x0000000087880000, 0x00000000d5580000)
  object space 123392K, 25% used [0x0000000080000000,0x0000000081eca718,0x0000000087880000)
 Metaspace       used 56794K, capacity 59018K, committed 59160K, reserved 1099776K
  class space    used 7681K, capacity 8140K, committed 8240K, reserved 1048576K
}
Event: 14.384 GC heap before
{Heap before GC invocations=16 (full 3):
 PSYoungGen      total 220160K, used 201720K [0x00000000d5580000, 0x00000000e4100000, 0x0000000100000000)
  eden space 201728K, 99% used [0x00000000d5580000,0x00000000e1a7e2c8,0x00000000e1a80000)
  from space 18432K, 0% used [0x00000000e2c80000,0x00000000e2c80000,0x00000000e3e80000)
  to   space 18432K, 0% used [0x00000000e1a80000,0x00000000e1a80000,0x00000000e2c80000)
 ParOldGen       total 123392K, used 31529K [0x0000000080000000, 0x0000000087880000, 0x00000000d5580000)
  object space 123392K, 25% used [0x0000000080000000,0x0000000081eca718,0x0000000087880000)
 Metaspace       used 68272K, capacity 71438K, committed 71704K, reserved 1112064K
  class space    used 9383K, capacity 10008K, committed 10032K, reserved 1048576K
Event: 14.428 GC heap after
Heap after GC invocations=16 (full 3):
 PSYoungGen      total 220160K, used 18422K [0x00000000d5580000, 0x00000000e7580000, 0x0000000100000000)
  eden space 201728K, 0% used [0x00000000d5580000,0x00000000d5580000,0x00000000e1a80000)
  from space 18432K, 99% used [0x00000000e1a80000,0x00000000e2c7db80,0x00000000e2c80000)
  to   space 21504K, 0% used [0x00000000e6080000,0x00000000e6080000,0x00000000e7580000)
 ParOldGen       total 123392K, used 32739K [0x0000000080000000, 0x0000000087880000, 0x00000000d5580000)
  object space 123392K, 26% used [0x0000000080000000,0x0000000081ff8f38,0x0000000087880000)
 Metaspace       used 68272K, capacity 71438K, committed 71704K, reserved 1112064K
  class space    used 9383K, capacity 10008K, committed 10032K, reserved 1048576K
}
Event: 19.111 GC heap before
{Heap before GC invocations=17 (full 3):
 PSYoungGen      total 220160K, used 220150K [0x00000000d5580000, 0x00000000e7580000, 0x0000000100000000)
  eden space 201728K, 100% used [0x00000000d5580000,0x00000000e1a80000,0x00000000e1a80000)
  from space 18432K, 99% used [0x00000000e1a80000,0x00000000e2c7db80,0x00000000e2c80000)
  to   space 21504K, 0% used [0x00000000e6080000,0x00000000e6080000,0x00000000e7580000)
 ParOldGen       total 123392K, used 32739K [0x0000000080000000, 0x0000000087880000, 0x00000000d5580000)
  object space 123392K, 26% used [0x0000000080000000,0x0000000081ff8f38,0x0000000087880000)
 Metaspace       used 76630K, capacity 79962K, committed 80024K, reserved 1118208K
  class space    used 10286K, capacity 10912K, committed 10928K, reserved 1048576K
Event: 19.129 GC heap after
Heap after GC invocations=17 (full 3):
 PSYoungGen      total 260096K, used 8451K [0x00000000d5580000, 0x00000000e6e00000, 0x0000000100000000)
  eden space 246272K, 0% used [0x00000000d5580000,0x00000000d5580000,0x00000000e4600000)
  from space 13824K, 61% used [0x00000000e6080000,0x00000000e68c0ec8,0x00000000e6e00000)
  to   space 20480K, 0% used [0x00000000e4600000,0x00000000e4600000,0x00000000e5a00000)
 ParOldGen       total 123392K, used 44386K [0x0000000080000000, 0x0000000087880000, 0x00000000d5580000)
  object space 123392K, 35% used [0x0000000080000000,0x0000000082b58bf8,0x0000000087880000)
 Metaspace       used 76630K, capacity 79962K, committed 80024K, reserved 1118208K
  class space    used 10286K, capacity 10912K, committed 10928K, reserved 1048576K
}
Event: 22.245 GC heap before
{Heap before GC invocations=18 (full 3):
 PSYoungGen      total 260096K, used 254723K [0x00000000d5580000, 0x00000000e6e00000, 0x0000000100000000)
  eden space 246272K, 100% used [0x00000000d5580000,0x00000000e4600000,0x00000000e4600000)
  from space 13824K, 61% used [0x00000000e6080000,0x00000000e68c0ec8,0x00000000e6e00000)
  to   space 20480K, 0% used [0x00000000e4600000,0x00000000e4600000,0x00000000e5a00000)
 ParOldGen       total 123392K, used 44386K [0x0000000080000000, 0x0000000087880000, 0x00000000d5580000)
  object space 123392K, 35% used [0x0000000080000000,0x0000000082b58bf8,0x0000000087880000)
 Metaspace       used 79065K, capacity 82540K, committed 82840K, reserved 1120256K
  class space    used 10524K, capacity 11137K, committed 11184K, reserved 1048576K
Event: 22.268 GC heap after
Heap after GC invocations=18 (full 3):
 PSYoungGen      total 266752K, used 11536K [0x00000000d5580000, 0x00000000e6e00000, 0x0000000100000000)
  eden space 246272K, 0% used [0x00000000d5580000,0x00000000d5580000,0x00000000e4600000)
  from space 20480K, 56% used [0x00000000e4600000,0x00000000e51443b8,0x00000000e5a00000)
  to   space 13824K, 0% used [0x00000000e6080000,0x00000000e6080000,0x00000000e6e00000)
 ParOldGen       total 123392K, used 44394K [0x0000000080000000, 0x0000000087880000, 0x00000000d5580000)
  object space 123392K, 35% used [0x0000000080000000,0x0000000082b5abf8,0x0000000087880000)
 Metaspace       used 79065K, capacity 82540K, committed 82840K, reserved 1120256K
  class space    used 10524K, capacity 11137K, committed 11184K, reserved 1048576K
}

